2013-12-21 19:03:01.858 FancyChatterAdmin[68407:80b] Multi-tasking -> Device: YES, App: YES
2013-12-21 19:03:01.870 FancyChatterAdmin[68407:80b] Unlimited access to network resources
2013-12-21 19:03:01.914 FancyChatterAdmin[68407:80b] [CDVTimer][splashscreen] 18.104970ms
2013-12-21 19:03:01.915 FancyChatterAdmin[68407:80b] [CDVTimer][TotalPluginStartup] 18.729985ms
2013-12-21 19:03:02.217 FancyChatterAdmin[68407:80b] Resetting plugins due to page load.
2013-12-21 19:03:02.312 FancyChatterAdmin[68407:80b] Finished load of: file:///Users/cvuletich/Library/Application%20Support/iPhone%20Simulator/7.0.3/Applications/55EF1FEE-4DDF-4FEC-A298-6314E8F9C0EE/FancyChatterAdmin.app/www/index.html
2013-12-21 19:03:06.951 FancyChatterAdmin[68407:80b] Resetting plugins due to page load.
2013-12-21 19:03:07.013 FancyChatterAdmin[68407:80b] Finished load of: file:///Users/cvuletich/Library/Application%20Support/iPhone%20Simulator/7.0.3/Applications/55EF1FEE-4DDF-4FEC-A298-6314E8F9C0EE/FancyChatterAdmin.app/www/login.html
2013-12-21 19:03:12.017 FancyChatterAdmin[68407:80b] Resetting plugins due to page load.
2013-12-21 19:03:12.068 FancyChatterAdmin[68407:80b] Finished load of: file:///Users/cvuletich/Library/Application%20Support/iPhone%20Simulator/7.0.3/Applications/55EF1FEE-4DDF-4FEC-A298-6314E8F9C0EE/FancyChatterAdmin.app/www/register.html
2013-12-21 21:16:38.971 FancyChatterAdmin[70060:80b] Multi-tasking -> Device: YES, App: YES
2013-12-21 21:16:38.984 FancyChatterAdmin[70060:80b] Unlimited access to network resources
2013-12-21 21:16:39.391 FancyChatterAdmin[70060:80b] [CDVTimer][splashscreen] 180.823028ms
2013-12-21 21:16:39.391 FancyChatterAdmin[70060:80b] [CDVTimer][TotalPluginStartup] 181.468010ms
2013-12-21 21:16:39.646 FancyChatterAdmin[70060:80b] Resetting plugins due to page load.
2013-12-21 21:16:39.952 FancyChatterAdmin[70060:80b] Finished load of: file:///Users/cvuletich/Library/Application%20Support/iPhone%20Simulator/7.0.3/Applications/55EF1FEE-4DDF-4FEC-A298-6314E8F9C0EE/FancyChatterAdmin.app/www/index.html
2013-12-21 21:16:44.489 FancyChatterAdmin[70060:80b] Resetting plugins due to page load.
2013-12-21 21:16:44.570 FancyChatterAdmin[70060:80b] Finished load of: file:///Users/cvuletich/Library/Application%20Support/iPhone%20Simulator/7.0.3/Applications/55EF1FEE-4DDF-4FEC-A298-6314E8F9C0EE/FancyChatterAdmin.app/www/login.html
2013-12-21 21:18:50.456 FancyChatterAdmin[70435:80b] Multi-tasking -> Device: YES, App: YES
2013-12-21 21:18:50.470 FancyChatterAdmin[70435:80b] Unlimited access to network resources
2013-12-21 21:18:50.506 FancyChatterAdmin[70435:80b] [CDVTimer][splashscreen] 11.341989ms
2013-12-21 21:18:50.507 FancyChatterAdmin[70435:80b] [CDVTimer][TotalPluginStartup] 12.021005ms
2013-12-21 21:18:50.800 FancyChatterAdmin[70435:80b] Resetting plugins due to page load.
2013-12-21 21:18:50.916 FancyChatterAdmin[70435:80b] Finished load of: file:///Users/cvuletich/Library/Application%20Support/iPhone%20Simulator/7.0.3/Applications/55EF1FEE-4DDF-4FEC-A298-6314E8F9C0EE/FancyChatterAdmin.app/www/index.html
2013-12-21 21:18:55.397 FancyChatterAdmin[70435:80b] Resetting plugins due to page load.
2013-12-21 21:18:55.439 FancyChatterAdmin[70435:80b] Finished load of: file:///Users/cvuletich/Library/Application%20Support/iPhone%20Simulator/7.0.3/Applications/55EF1FEE-4DDF-4FEC-A298-6314E8F9C0EE/FancyChatterAdmin.app/www/login.html
2013-12-21 21:19:37.004 FancyChatterAdmin[70435:80b] Resetting plugins due to page load.
2013-12-21 21:19:37.081 FancyChatterAdmin[70435:80b] Finished load of: file:///Users/cvuletich/Library/Application%20Support/iPhone%20Simulator/7.0.3/Applications/55EF1FEE-4DDF-4FEC-A298-6314E8F9C0EE/FancyChatterAdmin.app/www/livechatter.html
2013-12-21 21:19:43.779 FancyChatterAdmin[70435:80b] CDVWebViewDelegate: Navigation started when state=1
2013-12-21 21:19:43.780 FancyChatterAdmin[70435:80b] Failed to load webpage with error: CDVWebViewDelegate: Navigation started when state=1
2013-12-21 21:19:43.781 FancyChatterAdmin[70435:80b] Resetting plugins due to page load.
2013-12-21 21:19:44.181 FancyChatterAdmin[70435:80b] Finished load of: file:///Users/cvuletich/Library/Application%20Support/iPhone%20Simulator/7.0.3/Applications/55EF1FEE-4DDF-4FEC-A298-6314E8F9C0EE/FancyChatterAdmin.app/www/alerts.html
2013-12-21 21:19:47.308 FancyChatterAdmin[70435:80b] CDVWebViewDelegate: Navigation started when state=1
2013-12-21 21:19:47.308 FancyChatterAdmin[70435:80b] Failed to load webpage with error: CDVWebViewDelegate: Navigation started when state=1
2013-12-21 21:19:47.310 FancyChatterAdmin[70435:80b] Resetting plugins due to page load.
2013-12-21 21:19:47.333 FancyChatterAdmin[70435:80b] Finished load of: file:///Users/cvuletich/Library/Application%20Support/iPhone%20Simulator/7.0.3/Applications/55EF1FEE-4DDF-4FEC-A298-6314E8F9C0EE/FancyChatterAdmin.app/www/livechatter.html
2013-12-21 21:20:54.367 FancyChatterAdmin[70435:80b] CDVWebViewDelegate: Navigation started when state=1
2013-12-21 21:20:54.367 FancyChatterAdmin[70435:80b] Failed to load webpage with error: CDVWebViewDelegate: Navigation started when state=1
2013-12-21 21:20:54.369 FancyChatterAdmin[70435:80b] Resetting plugins due to page load.
2013-12-21 21:20:54.860 FancyChatterAdmin[70435:80b] Finished load of: file:///Users/cvuletich/Library/Application%20Support/iPhone%20Simulator/7.0.3/Applications/55EF1FEE-4DDF-4FEC-A298-6314E8F9C0EE/FancyChatterAdmin.app/www/profile.html
2013-12-21 21:30:30.276 FancyChatterAdmin[71197:80b] Multi-tasking -> Device: YES, App: YES
2013-12-21 21:30:30.287 FancyChatterAdmin[71197:80b] Unlimited access to network resources
2013-12-21 21:30:30.322 FancyChatterAdmin[71197:80b] [CDVTimer][splashscreen] 10.487020ms
2013-12-21 21:30:30.323 FancyChatterAdmin[71197:80b] [CDVTimer][TotalPluginStartup] 11.101961ms
2013-12-21 21:30:30.558 FancyChatterAdmin[71197:80b] Resetting plugins due to page load.
2013-12-21 21:30:30.669 FancyChatterAdmin[71197:80b] Finished load of: file:///Users/cvuletich/Library/Application%20Support/iPhone%20Simulator/7.0.3/Applications/55EF1FEE-4DDF-4FEC-A298-6314E8F9C0EE/FancyChatterAdmin.app/www/index.html
2013-12-21 21:30:35.146 FancyChatterAdmin[71197:80b] Resetting plugins due to page load.
2013-12-21 21:30:35.202 FancyChatterAdmin[71197:80b] Finished load of: file:///Users/cvuletich/Library/Application%20Support/iPhone%20Simulator/7.0.3/Applications/55EF1FEE-4DDF-4FEC-A298-6314E8F9C0EE/FancyChatterAdmin.app/www/livechatter.html
Terminating in response to SpringBoard's termination.
2013-12-21 22:14:52.024 FancyChatterAdmin[72311:80b] Multi-tasking -> Device: YES, App: YES
2013-12-21 22:14:52.060 FancyChatterAdmin[72311:80b] Unlimited access to network resources
2013-12-21 22:14:52.540 FancyChatterAdmin[72311:80b] [CDVTimer][splashscreen] 145.340025ms
2013-12-21 22:14:52.541 FancyChatterAdmin[72311:80b] [CDVTimer][TotalPluginStartup] 146.420002ms
2013-12-21 22:14:52.797 FancyChatterAdmin[72311:80b] Resetting plugins due to page load.
2013-12-21 22:14:53.091 FancyChatterAdmin[72311:80b] Finished load of: file:///Users/cvuletich/Library/Application%20Support/iPhone%20Simulator/7.0.3/Applications/55EF1FEE-4DDF-4FEC-A298-6314E8F9C0EE/FancyChatterAdmin.app/www/index.html
2013-12-21 22:14:57.708 FancyChatterAdmin[72311:80b] Resetting plugins due to page load.
2013-12-21 22:14:57.805 FancyChatterAdmin[72311:80b] Finished load of: file:///Users/cvuletich/Library/Application%20Support/iPhone%20Simulator/7.0.3/Applications/55EF1FEE-4DDF-4FEC-A298-6314E8F9C0EE/FancyChatterAdmin.app/www/livechatter.html
2013-12-21 22:15:59.796 FancyChatterAdmin[72973:80b] Multi-tasking -> Device: YES, App: YES
2013-12-21 22:15:59.808 FancyChatterAdmin[72973:80b] Unlimited access to network resources
2013-12-21 22:15:59.848 FancyChatterAdmin[72973:80b] [CDVTimer][splashscreen] 11.007011ms
2013-12-21 22:15:59.848 FancyChatterAdmin[72973:80b] [CDVTimer][TotalPluginStartup] 11.638999ms
2013-12-21 22:16:00.287 FancyChatterAdmin[72973:80b] Resetting plugins due to page load.
2013-12-21 22:16:00.377 FancyChatterAdmin[72973:80b] Finished load of: file:///Users/cvuletich/Library/Application%20Support/iPhone%20Simulator/7.0.3/Applications/55EF1FEE-4DDF-4FEC-A298-6314E8F9C0EE/FancyChatterAdmin.app/www/index.html
2013-12-21 22:16:04.771 FancyChatterAdmin[72973:80b] Resetting plugins due to page load.
2013-12-21 22:16:04.826 FancyChatterAdmin[72973:80b] Finished load of: file:///Users/cvuletich/Library/Application%20Support/iPhone%20Simulator/7.0.3/Applications/55EF1FEE-4DDF-4FEC-A298-6314E8F9C0EE/FancyChatterAdmin.app/www/livechatter.html
2013-12-21 23:56:59.501 FancyChatterAdmin[75907:80b] Multi-tasking -> Device: YES, App: YES
2013-12-21 23:56:59.535 FancyChatterAdmin[75907:80b] Unlimited access to network resources
2013-12-21 23:56:59.793 FancyChatterAdmin[75907:80b] [CDVTimer][splashscreen] 109.171987ms
2013-12-21 23:56:59.794 FancyChatterAdmin[75907:80b] [CDVTimer][TotalPluginStartup] 110.225976ms
2013-12-21 23:57:00.113 FancyChatterAdmin[75907:80b] Resetting plugins due to page load.
2013-12-21 23:57:00.303 FancyChatterAdmin[75907:80b] Finished load of: file:///Users/cvuletich/Library/Application%20Support/iPhone%20Simulator/7.0.3/Applications/55EF1FEE-4DDF-4FEC-A298-6314E8F9C0EE/FancyChatterAdmin.app/www/index.html
2013-12-21 23:59:16.662 FancyChatterAdmin[76566:80b] Multi-tasking -> Device: YES, App: YES
2013-12-21 23:59:16.674 FancyChatterAdmin[76566:80b] Unlimited access to network resources
2013-12-21 23:59:16.711 FancyChatterAdmin[76566:80b] [CDVTimer][splashscreen] 11.232018ms
2013-12-21 23:59:16.712 FancyChatterAdmin[76566:80b] [CDVTimer][TotalPluginStartup] 11.855006ms
2013-12-21 23:59:16.980 FancyChatterAdmin[76566:80b] Resetting plugins due to page load.
2013-12-21 23:59:17.301 FancyChatterAdmin[76566:80b] Finished load of: file:///Users/cvuletich/Library/Application%20Support/iPhone%20Simulator/7.0.3/Applications/55EF1FEE-4DDF-4FEC-A298-6314E8F9C0EE/FancyChatterAdmin.app/www/index.html
2013-12-22 00:01:35.573 FancyChatterAdmin[77243:80b] Multi-tasking -> Device: YES, App: YES
2013-12-22 00:01:35.585 FancyChatterAdmin[77243:80b] Unlimited access to network resources
2013-12-22 00:01:35.622 FancyChatterAdmin[77243:80b] [CDVTimer][splashscreen] 10.957003ms
2013-12-22 00:01:35.623 FancyChatterAdmin[77243:80b] [CDVTimer][TotalPluginStartup] 11.601985ms
2013-12-22 00:01:35.875 FancyChatterAdmin[77243:80b] Resetting plugins due to page load.
2013-12-22 00:01:36.095 FancyChatterAdmin[77243:80b] Finished load of: file:///Users/cvuletich/Library/Application%20Support/iPhone%20Simulator/7.0.3/Applications/55EF1FEE-4DDF-4FEC-A298-6314E8F9C0EE/FancyChatterAdmin.app/www/index.html
2013-12-22 00:01:46.550 FancyChatterAdmin[77243:3f03] void SendDelegateMessage(NSInvocation *): delegate (webView:runJavaScriptTextInputPanelWithPrompt:defaultText:initiatedByFrame:) failed to return after waiting 10 seconds. main run loop mode: kCFRunLoopDefaultMode
Terminating in response to SpringBoard's termination.
2013-12-22 00:10:39.025 FancyChatterAdmin[77970:80b] Multi-tasking -> Device: YES, App: YES
2013-12-22 00:10:39.038 FancyChatterAdmin[77970:80b] Unlimited access to network resources
2013-12-22 00:10:39.075 FancyChatterAdmin[77970:80b] [CDVTimer][splashscreen] 10.662973ms
2013-12-22 00:10:39.075 FancyChatterAdmin[77970:80b] [CDVTimer][TotalPluginStartup] 11.301994ms
2013-12-22 00:10:39.345 FancyChatterAdmin[77970:80b] Resetting plugins due to page load.
2013-12-22 00:10:39.653 FancyChatterAdmin[77970:80b] Finished load of: file:///Users/cvuletich/Library/Application%20Support/iPhone%20Simulator/7.0.3/Applications/55EF1FEE-4DDF-4FEC-A298-6314E8F9C0EE/FancyChatterAdmin.app/www/index.html
2013-12-22 00:11:12.388 FancyChatterAdmin[77970:80b] Resetting plugins due to page load.
2013-12-22 00:11:12.456 FancyChatterAdmin[77970:80b] Finished load of: file:///Users/cvuletich/Library/Application%20Support/iPhone%20Simulator/7.0.3/Applications/55EF1FEE-4DDF-4FEC-A298-6314E8F9C0EE/FancyChatterAdmin.app/www/home.html
2013-12-22 00:11:24.577 FancyChatterAdmin[77970:80b] CDVWebViewDelegate: Navigation started when state=1
2013-12-22 00:11:24.578 FancyChatterAdmin[77970:80b] Failed to load webpage with error: CDVWebViewDelegate: Navigation started when state=1
2013-12-22 00:11:24.579 FancyChatterAdmin[77970:80b] Resetting plugins due to page load.
2013-12-22 00:11:24.631 FancyChatterAdmin[77970:80b] Finished load of: file:///Users/cvuletich/Library/Application%20Support/iPhone%20Simulator/7.0.3/Applications/55EF1FEE-4DDF-4FEC-A298-6314E8F9C0EE/FancyChatterAdmin.app/www/chitchat.html
2013-12-22 00:11:27.953 FancyChatterAdmin[77970:80b] CDVWebViewDelegate: Navigation started when state=1
2013-12-22 00:11:27.954 FancyChatterAdmin[77970:80b] Failed to load webpage with error: CDVWebViewDelegate: Navigation started when state=1
2013-12-22 00:11:27.955 FancyChatterAdmin[77970:80b] Resetting plugins due to page load.
2013-12-22 00:11:27.976 FancyChatterAdmin[77970:80b] Finished load of: file:///Users/cvuletich/Library/Application%20Support/iPhone%20Simulator/7.0.3/Applications/55EF1FEE-4DDF-4FEC-A298-6314E8F9C0EE/FancyChatterAdmin.app/www/livechatter.html
2013-12-22 00:11:48.197 FancyChatterAdmin[77970:80b] CDVWebViewDelegate: Navigation started when state=1
2013-12-22 00:11:48.198 FancyChatterAdmin[77970:80b] Failed to load webpage with error: CDVWebViewDelegate: Navigation started when state=1
2013-12-22 00:11:48.199 FancyChatterAdmin[77970:80b] Resetting plugins due to page load.
2013-12-22 00:11:48.223 FancyChatterAdmin[77970:80b] Finished load of: file:///Users/cvuletich/Library/Application%20Support/iPhone%20Simulator/7.0.3/Applications/55EF1FEE-4DDF-4FEC-A298-6314E8F9C0EE/FancyChatterAdmin.app/www/livechatter.html
2013-12-22 00:12:04.850 FancyChatterAdmin[77970:80b] CDVWebViewDelegate: Navigation started when state=1
2013-12-22 00:12:04.850 FancyChatterAdmin[77970:80b] Failed to load webpage with error: CDVWebViewDelegate: Navigation started when state=1
2013-12-22 00:12:04.851 FancyChatterAdmin[77970:80b] Resetting plugins due to page load.
2013-12-22 00:12:04.869 FancyChatterAdmin[77970:80b] Finished load of: file:///Users/cvuletich/Library/Application%20Support/iPhone%20Simulator/7.0.3/Applications/55EF1FEE-4DDF-4FEC-A298-6314E8F9C0EE/FancyChatterAdmin.app/www/login.html
2013-12-22 00:14:21.497 FancyChatterAdmin[78344:80b] Multi-tasking -> Device: YES, App: YES
2013-12-22 00:14:21.512 FancyChatterAdmin[78344:80b] Unlimited access to network resources
2013-12-22 00:14:21.551 FancyChatterAdmin[78344:80b] [CDVTimer][splashscreen] 12.012959ms
2013-12-22 00:14:21.553 FancyChatterAdmin[78344:80b] [CDVTimer][TotalPluginStartup] 13.390958ms
2013-12-22 00:14:21.818 FancyChatterAdmin[78344:80b] Resetting plugins due to page load.
2013-12-22 00:14:22.094 FancyChatterAdmin[78344:80b] Finished load of: file:///Users/cvuletich/Library/Application%20Support/iPhone%20Simulator/7.0.3/Applications/55EF1FEE-4DDF-4FEC-A298-6314E8F9C0EE/FancyChatterAdmin.app/www/index.html
Terminating in response to SpringBoard's termination.
2013-12-22 00:19:12.607 FancyChatterAdmin[79353:80b] Multi-tasking -> Device: YES, App: YES
2013-12-22 00:19:12.676 FancyChatterAdmin[79353:80b] Unlimited access to network resources
2013-12-22 00:19:12.894 FancyChatterAdmin[79353:80b] [CDVTimer][splashscreen] 57.830036ms
2013-12-22 00:19:12.909 FancyChatterAdmin[79353:80b] [CDVTimer][TotalPluginStartup] 73.107004ms
2013-12-22 00:19:13.620 FancyChatterAdmin[79353:80b] Resetting plugins due to page load.
2013-12-22 00:19:14.474 FancyChatterAdmin[79353:80b] Finished load of: file:///Users/cvuletich/Library/Application%20Support/iPhone%20Simulator/7.0.3/Applications/55EF1FEE-4DDF-4FEC-A298-6314E8F9C0EE/FancyChatterAdmin.app/www/index.html
2013-12-22 00:19:36.651 FancyChatterAdmin[79353:4003] void SendDelegateMessage(NSInvocation *): delegate (webView:runJavaScriptTextInputPanelWithPrompt:defaultText:initiatedByFrame:) failed to return after waiting 10 seconds. main run loop mode: kCFRunLoopDefaultMode
2013-12-22 00:20:51.796 FancyChatterAdmin[80103:80b] Multi-tasking -> Device: YES, App: YES
2013-12-22 00:20:51.808 FancyChatterAdmin[80103:80b] Unlimited access to network resources
2013-12-22 00:20:51.859 FancyChatterAdmin[80103:80b] [CDVTimer][splashscreen] 21.063983ms
2013-12-22 00:20:51.859 FancyChatterAdmin[80103:80b] [CDVTimer][TotalPluginStartup] 21.794975ms
2013-12-22 00:20:52.211 FancyChatterAdmin[80103:80b] Resetting plugins due to page load.
2013-12-22 00:20:52.503 FancyChatterAdmin[80103:80b] Finished load of: file:///Users/cvuletich/Library/Application%20Support/iPhone%20Simulator/7.0.3/Applications/55EF1FEE-4DDF-4FEC-A298-6314E8F9C0EE/FancyChatterAdmin.app/www/index.html
2013-12-22 00:22:11.851 FancyChatterAdmin[80750:80b] Multi-tasking -> Device: YES, App: YES
2013-12-22 00:22:11.864 FancyChatterAdmin[80750:80b] Unlimited access to network resources
2013-12-22 00:22:11.918 FancyChatterAdmin[80750:80b] [CDVTimer][splashscreen] 12.691021ms
2013-12-22 00:22:11.919 FancyChatterAdmin[80750:80b] [CDVTimer][TotalPluginStartup] 13.325989ms
2013-12-22 00:22:12.262 FancyChatterAdmin[80750:80b] Resetting plugins due to page load.
2013-12-22 00:22:12.531 FancyChatterAdmin[80750:80b] Finished load of: file:///Users/cvuletich/Library/Application%20Support/iPhone%20Simulator/7.0.3/Applications/55EF1FEE-4DDF-4FEC-A298-6314E8F9C0EE/FancyChatterAdmin.app/www/index.html
2013-12-22 00:22:50.813 FancyChatterAdmin[80750:80b] Resetting plugins due to page load.
2013-12-22 00:22:50.862 FancyChatterAdmin[80750:80b] Finished load of: file:///Users/cvuletich/Library/Application%20Support/iPhone%20Simulator/7.0.3/Applications/55EF1FEE-4DDF-4FEC-A298-6314E8F9C0EE/FancyChatterAdmin.app/www/home.html
2013-12-22 00:22:56.200 FancyChatterAdmin[80750:80b] CDVWebViewDelegate: Navigation started when state=1
2013-12-22 00:22:56.200 FancyChatterAdmin[80750:80b] Failed to load webpage with error: CDVWebViewDelegate: Navigation started when state=1
2013-12-22 00:22:56.201 FancyChatterAdmin[80750:80b] Resetting plugins due to page load.
2013-12-22 00:22:56.224 FancyChatterAdmin[80750:80b] Finished load of: file:///Users/cvuletich/Library/Application%20Support/iPhone%20Simulator/7.0.3/Applications/55EF1FEE-4DDF-4FEC-A298-6314E8F9C0EE/FancyChatterAdmin.app/www/settings.html
2013-12-22 00:23:01.969 FancyChatterAdmin[80750:80b] CDVWebViewDelegate: Navigation started when state=1
2013-12-22 00:23:01.970 FancyChatterAdmin[80750:80b] Failed to load webpage with error: CDVWebViewDelegate: Navigation started when state=1
2013-12-22 00:23:01.971 FancyChatterAdmin[80750:80b] Resetting plugins due to page load.
2013-12-22 00:23:02.000 FancyChatterAdmin[80750:80b] Finished load of: file:///Users/cvuletich/Library/Application%20Support/iPhone%20Simulator/7.0.3/Applications/55EF1FEE-4DDF-4FEC-A298-6314E8F9C0EE/FancyChatterAdmin.app/www/livechatter.html
2013-12-22 00:23:13.977 FancyChatterAdmin[80750:80b] CDVWebViewDelegate: Navigation started when state=1
2013-12-22 00:23:13.978 FancyChatterAdmin[80750:80b] Failed to load webpage with error: CDVWebViewDelegate: Navigation started when state=1
2013-12-22 00:23:13.979 FancyChatterAdmin[80750:80b] Resetting plugins due to page load.
2013-12-22 00:23:13.999 FancyChatterAdmin[80750:80b] Finished load of: file:///Users/cvuletich/Library/Application%20Support/iPhone%20Simulator/7.0.3/Applications/55EF1FEE-4DDF-4FEC-A298-6314E8F9C0EE/FancyChatterAdmin.app/www/livechatter.html
Terminating in response to SpringBoard's termination.
2013-12-22 00:31:08.312 FancyChatterAdmin[81491:80b] Multi-tasking -> Device: YES, App: YES
2013-12-22 00:31:08.323 FancyChatterAdmin[81491:80b] Unlimited access to network resources
2013-12-22 00:31:08.363 FancyChatterAdmin[81491:80b] [CDVTimer][splashscreen] 11.299968ms
2013-12-22 00:31:08.363 FancyChatterAdmin[81491:80b] [CDVTimer][TotalPluginStartup] 11.932969ms
2013-12-22 00:31:08.619 FancyChatterAdmin[81491:80b] Resetting plugins due to page load.
2013-12-22 00:31:08.815 FancyChatterAdmin[81491:80b] Finished load of: file:///Users/cvuletich/Library/Application%20Support/iPhone%20Simulator/7.0.3/Applications/55EF1FEE-4DDF-4FEC-A298-6314E8F9C0EE/FancyChatterAdmin.app/www/index.html
2014-01-10 19:42:00.151 FancyChatter Admin[24773:80b] Multi-tasking -> Device: YES, App: YES
2014-01-10 19:42:00.188 FancyChatter Admin[24773:80b] Unlimited access to network resources
2014-01-10 19:42:00.194 FancyChatter Admin[24773:80b] Fix applied for database locations?: YES
2014-01-10 19:42:00.516 FancyChatter Admin[24773:80b] [CDVTimer][splashscreen] 100.298047ms
2014-01-10 19:42:00.519 FancyChatter Admin[24773:80b] [CDVTimer][TotalPluginStartup] 102.859974ms
2014-01-10 19:42:00.823 FancyChatter Admin[24773:80b] Resetting plugins due to page load.
2014-01-10 19:42:01.045 FancyChatter Admin[24773:80b] Finished load of: file:///Users/cvuletich/Library/Application%20Support/iPhone%20Simulator/7.0.3/Applications/A9BAAA32-F370-4A69-A74B-95C1CE30B4AB/FancyChatter%20Admin.app/www/index.html
2014-01-10 19:42:40.650 FancyChatter Admin[24773:80b] Resetting plugins due to page load.
2014-01-10 19:42:40.703 FancyChatter Admin[24773:80b] Finished load of: file:///Users/cvuletich/Library/Application%20Support/iPhone%20Simulator/7.0.3/Applications/A9BAAA32-F370-4A69-A74B-95C1CE30B4AB/FancyChatter%20Admin.app/www/home.html
2014-01-10 19:42:46.310 FancyChatter Admin[24773:80b] CDVWebViewDelegate: Navigation started when state=1
2014-01-10 19:42:46.310 FancyChatter Admin[24773:80b] Failed to load webpage with error: CDVWebViewDelegate: Navigation started when state=1
2014-01-10 19:42:46.311 FancyChatter Admin[24773:80b] Resetting plugins due to page load.
2014-01-10 19:42:46.337 FancyChatter Admin[24773:80b] Finished load of: file:///Users/cvuletich/Library/Application%20Support/iPhone%20Simulator/7.0.3/Applications/A9BAAA32-F370-4A69-A74B-95C1CE30B4AB/FancyChatter%20Admin.app/www/livechatter.html
2014-01-10 19:43:00.634 FancyChatter Admin[24773:80b] CDVWebViewDelegate: Navigation started when state=1
2014-01-10 19:43:00.635 FancyChatter Admin[24773:80b] Failed to load webpage with error: CDVWebViewDelegate: Navigation started when state=1
2014-01-10 19:43:00.636 FancyChatter Admin[24773:80b] Resetting plugins due to page load.
2014-01-10 19:43:00.658 FancyChatter Admin[24773:80b] Finished load of: file:///Users/cvuletich/Library/Application%20Support/iPhone%20Simulator/7.0.3/Applications/A9BAAA32-F370-4A69-A74B-95C1CE30B4AB/FancyChatter%20Admin.app/www/chitchat.html
2014-01-10 20:37:23.122 FancyChatter Admin[27935:80b] Multi-tasking -> Device: YES, App: YES
2014-01-10 20:37:23.138 FancyChatter Admin[27935:80b] Unlimited access to network resources
2014-01-10 20:37:23.187 FancyChatter Admin[27935:80b] [CDVTimer][splashscreen] 18.754005ms
2014-01-10 20:37:23.187 FancyChatter Admin[27935:80b] [CDVTimer][TotalPluginStartup] 19.403040ms
2014-01-10 20:37:23.493 FancyChatter Admin[27935:80b] Resetting plugins due to page load.
2014-01-10 20:37:23.707 FancyChatter Admin[27935:80b] Finished load of: file:///Users/cvuletich/Library/Application%20Support/iPhone%20Simulator/7.0.3/Applications/A9BAAA32-F370-4A69-A74B-95C1CE30B4AB/FancyChatter%20Admin.app/www/index.html
2014-01-10 20:37:36.317 FancyChatter Admin[27935:80b] Resetting plugins due to page load.
2014-01-10 20:37:36.368 FancyChatter Admin[27935:80b] Finished load of: file:///Users/cvuletich/Library/Application%20Support/iPhone%20Simulator/7.0.3/Applications/A9BAAA32-F370-4A69-A74B-95C1CE30B4AB/FancyChatter%20Admin.app/www/home.html
2014-01-10 20:37:39.635 FancyChatter Admin[27935:80b] CDVWebViewDelegate: Navigation started when state=1
2014-01-10 20:37:39.636 FancyChatter Admin[27935:80b] Failed to load webpage with error: CDVWebViewDelegate: Navigation started when state=1
2014-01-10 20:37:39.638 FancyChatter Admin[27935:80b] Resetting plugins due to page load.
2014-01-10 20:37:39.816 FancyChatter Admin[27935:80b] Finished load of: file:///Users/cvuletich/Library/Application%20Support/iPhone%20Simulator/7.0.3/Applications/A9BAAA32-F370-4A69-A74B-95C1CE30B4AB/FancyChatter%20Admin.app/www/chitchat.html
2014-01-10 20:39:47.331 FancyChatter Admin[28639:80b] Multi-tasking -> Device: YES, App: YES
2014-01-10 20:39:47.343 FancyChatter Admin[28639:80b] Unlimited access to network resources
2014-01-10 20:39:47.385 FancyChatter Admin[28639:80b] [CDVTimer][splashscreen] 13.805985ms
2014-01-10 20:39:47.386 FancyChatter Admin[28639:80b] [CDVTimer][TotalPluginStartup] 14.442980ms
2014-01-10 20:39:47.640 FancyChatter Admin[28639:80b] Resetting plugins due to page load.
2014-01-10 20:39:47.870 FancyChatter Admin[28639:80b] Finished load of: file:///Users/cvuletich/Library/Application%20Support/iPhone%20Simulator/7.0.3/Applications/A9BAAA32-F370-4A69-A74B-95C1CE30B4AB/FancyChatter%20Admin.app/www/index.html
2014-01-10 20:39:57.053 FancyChatter Admin[28639:80b] Resetting plugins due to page load.
2014-01-10 20:39:57.095 FancyChatter Admin[28639:80b] Finished load of: file:///Users/cvuletich/Library/Application%20Support/iPhone%20Simulator/7.0.3/Applications/A9BAAA32-F370-4A69-A74B-95C1CE30B4AB/FancyChatter%20Admin.app/www/home.html
2014-01-10 20:39:59.659 FancyChatter Admin[28639:80b] CDVWebViewDelegate: Navigation started when state=1
2014-01-10 20:39:59.660 FancyChatter Admin[28639:80b] Failed to load webpage with error: CDVWebViewDelegate: Navigation started when state=1
2014-01-10 20:39:59.661 FancyChatter Admin[28639:80b] Resetting plugins due to page load.
2014-01-10 20:40:00.175 FancyChatter Admin[28639:80b] Finished load of: file:///Users/cvuletich/Library/Application%20Support/iPhone%20Simulator/7.0.3/Applications/A9BAAA32-F370-4A69-A74B-95C1CE30B4AB/FancyChatter%20Admin.app/www/chitchat.html
2014-01-10 20:47:29.496 FancyChatter Admin[29473:80b] Multi-tasking -> Device: YES, App: YES
2014-01-10 20:47:29.508 FancyChatter Admin[29473:80b] Unlimited access to network resources
2014-01-10 20:47:29.550 FancyChatter Admin[29473:80b] [CDVTimer][splashscreen] 13.641000ms
2014-01-10 20:47:29.550 FancyChatter Admin[29473:80b] [CDVTimer][TotalPluginStartup] 14.452994ms
2014-01-10 20:47:29.865 FancyChatter Admin[29473:80b] Resetting plugins due to page load.
2014-01-10 20:47:30.188 FancyChatter Admin[29473:80b] Finished load of: file:///Users/cvuletich/Library/Application%20Support/iPhone%20Simulator/7.0.3/Applications/A9BAAA32-F370-4A69-A74B-95C1CE30B4AB/FancyChatter%20Admin.app/www/index.html
2014-01-10 20:47:55.992 FancyChatter Admin[29473:80b] Resetting plugins due to page load.
2014-01-10 20:47:56.042 FancyChatter Admin[29473:80b] Finished load of: file:///Users/cvuletich/Library/Application%20Support/iPhone%20Simulator/7.0.3/Applications/A9BAAA32-F370-4A69-A74B-95C1CE30B4AB/FancyChatter%20Admin.app/www/home.html
2014-01-10 20:48:02.984 FancyChatter Admin[29473:80b] CDVWebViewDelegate: Navigation started when state=1
2014-01-10 20:48:02.984 FancyChatter Admin[29473:80b] Failed to load webpage with error: CDVWebViewDelegate: Navigation started when state=1
2014-01-10 20:48:02.985 FancyChatter Admin[29473:80b] Resetting plugins due to page load.
2014-01-10 20:48:03.245 FancyChatter Admin[29473:80b] Finished load of: file:///Users/cvuletich/Library/Application%20Support/iPhone%20Simulator/7.0.3/Applications/A9BAAA32-F370-4A69-A74B-95C1CE30B4AB/FancyChatter%20Admin.app/www/chitchat.html
2014-01-11 14:12:58.257 FC Admin[45217:80b] Multi-tasking -> Device: YES, App: YES
2014-01-11 14:12:58.313 FC Admin[45217:80b] Unlimited access to network resources
2014-01-11 14:12:58.325 FC Admin[45217:80b] Fix applied for database locations?: YES
2014-01-11 14:12:58.616 FC Admin[45217:80b] [CDVTimer][splashscreen] 87.790012ms
2014-01-11 14:12:58.617 FC Admin[45217:80b] [CDVTimer][TotalPluginStartup] 88.870049ms
2014-01-11 14:12:58.911 FC Admin[45217:80b] Resetting plugins due to page load.
2014-01-11 14:12:59.268 FC Admin[45217:80b] Finished load of: file:///Users/cvuletich/Library/Application%20Support/iPhone%20Simulator/7.0.3/Applications/E33474E6-B4DA-41FC-845C-ADAFC61C6807/FC%20Admin.app/www/index.html
2014-01-11 14:13:14.099 FC Admin[45217:80b] Resetting plugins due to page load.
2014-01-11 14:13:14.173 FC Admin[45217:80b] Finished load of: file:///Users/cvuletich/Library/Application%20Support/iPhone%20Simulator/7.0.3/Applications/E33474E6-B4DA-41FC-845C-ADAFC61C6807/FC%20Admin.app/www/home.html
2014-01-11 14:13:43.172 FC Admin[45217:80b] CDVWebViewDelegate: Navigation started when state=1
2014-01-11 14:13:43.173 FC Admin[45217:80b] Failed to load webpage with error: CDVWebViewDelegate: Navigation started when state=1
2014-01-11 14:13:43.174 FC Admin[45217:80b] Resetting plugins due to page load.
2014-01-11 14:13:43.227 FC Admin[45217:80b] Finished load of: file:///Users/cvuletich/Library/Application%20Support/iPhone%20Simulator/7.0.3/Applications/E33474E6-B4DA-41FC-845C-ADAFC61C6807/FC%20Admin.app/www/chitchat.html
